<?xml version="1.0" encoding="UTF-8"?>
<!-- Generated by org.testng.reporters.JUnitXMLReporter -->
<testsuite ignored="0" hostname="ATMECSINLT-1194" failures="0" tests="6" name="Test" time="127.368" errors="0" timestamp="2023-09-01T18:05:20 IST">
  <testcase classname="com.qa.emulator.test.HomepageTest" name="appLaunchTest" time="0.747"/>
  <testcase classname="com.qa.emulator.test.HomepageTest" name="appInteractionTest" time="43.839"/>
  <testcase classname="com.qa.emulator.test.HomepageTest" name="appInteractionTest" time="29.19"/>
  <testcase classname="com.qa.emulator.test.HomepageTest" name="appInteractionTest" time="15.07"/>
  <testcase classname="com.qa.emulator.test.HomepageTest" name="appInteractionTest" time="14.602"/>
  <testcase classname="com.qa.emulator.test.HomepageTest" name="appInteractionTest" time="15.32"/>
</testsuite> <!-- Test -->
