<?xml version="1.0" encoding="UTF-8"?>
<!-- Generated by org.testng.reporters.JUnitXMLReporter -->
<testsuite ignored="0" hostname="ATMECSINLT-1194" failures="0" tests="2" name="Emulator Test 1" time="38.963" errors="0" timestamp="2023-09-22T18:28:55 IST">
  <testcase classname="com.qa.emulator.test.HomePageTest" name="handleAlertTest" time="0.001">
    <skipped/>
  </testcase> <!-- handleAlertTest -->
  <testcase classname="com.qa.emulator.test.TextSpeechTest" name="textSpeechTest" time="0.044"/>
</testsuite> <!-- Emulator Test 1 -->
