<?xml version="1.0" encoding="UTF-8"?>
<!-- Generated by org.testng.reporters.JUnitXMLReporter -->
<testsuite ignored="0" hostname="ATMECSINLT-1194" failures="0" tests="9" name="Emulator Test" time="125.271" errors="0" timestamp="2023-10-03T12:13:10 IST">
  <testcase classname="com.qa.emulator.test.HomePageTest" name="handleAlertTest" time="1.152"/>
  <testcase classname="com.qa.emulator.test.TextSpeechTest" name="textSpeechTest" time="10.063"/>
  <testcase classname="com.qa.emulator.test.DragAndDropTest" name="dragAndDropTest" time="31.837"/>
  <testcase classname="com.qa.emulator.test.ListViewTest" name="doubleTapAndFlingTest" time="23.141"/>
  <testcase classname="com.qa.emulator.test.ListViewTest" name="scrollAndClickTest" time="25.387"/>
  <testcase classname="com.qa.emulator.test.ListViewTest" name="scrollAndClickTest" time="2.118"/>
  <testcase classname="com.qa.emulator.test.ListViewTest" name="scrollAndClickTest" time="2.008"/>
  <testcase classname="com.qa.emulator.test.ViewFlowTest" name="viewFlowTest" time="6.156"/>
  <testcase classname="com.qa.emulator.test.ChartTest" name="name" time="6.0"/>
</testsuite> <!-- Emulator Test -->
