<?xml version="1.0" encoding="UTF-8"?>
<testng-results ignored="0" total="1" passed="1" failed="0" skipped="0">
  <reporter-output>
  </reporter-output>
  <suite started-at="2023-09-14T16:53:24 IST" name="Emulator Photo Gallery Test Suite" finished-at="2023-09-14T16:54:14 IST" duration-ms="49399">
    <groups>
    </groups>
    <test started-at="2023-09-14T16:53:24 IST" name="Emulator Photo Gallery Test" finished-at="2023-09-14T16:54:14 IST" duration-ms="49399">
      <class name="com.qa.emulator.test.HomePageTest">
        <test-method is-config="true" signature="desiredCapabilites(java.lang.String,java.lang.String,java.lang.String,java.lang.String,java.lang.String)[pri:0, instance:com.qa.emulator.test.HomePageTest@a3d8174]" started-at="2023-09-14T16:53:24 IST" name="desiredCapabilites" finished-at="2023-09-14T16:53:24 IST" duration-ms="252" status="PASS">
          <params>
            <param index="0">
              <value>
                <![CDATA[Android]]>
              </value>
            </param>
            <param index="1">
              <value>
                <![CDATA[Pixel 5]]>
              </value>
            </param>
            <param index="2">
              <value>
                <![CDATA[emulator-5554]]>
              </value>
            </param>
            <param index="3">
              <value>
                <![CDATA[gallery.hidepictures.photovault.lockgallery]]>
              </value>
            </param>
            <param index="4">
              <value>
                <![CDATA[gallery.hidepictures.photovault.lockgallery.zl.ZLMainActivity]]>
              </value>
            </param>
          </params>
          <reporter-output>
          </reporter-output>
        </test-method> <!-- desiredCapabilites -->
        <test-method is-config="true" signature="driverLaunch(java.lang.String)[pri:0, instance:com.qa.emulator.test.HomePageTest@a3d8174]" started-at="2023-09-14T16:53:24 IST" name="driverLaunch" finished-at="2023-09-14T16:53:53 IST" duration-ms="29004" status="PASS">
          <params>
            <param index="0">
              <value>
                <![CDATA[http://0.0.0.0:4723/wd/hub]]>
              </value>
            </param>
          </params>
          <reporter-output>
          </reporter-output>
        </test-method> <!-- driverLaunch -->
        <test-method signature="handleAlertTest()[pri:0, instance:com.qa.emulator.test.HomePageTest@a3d8174]" started-at="2023-09-14T16:53:54 IST" name="handleAlertTest" finished-at="2023-09-14T16:54:13 IST" duration-ms="19073" status="PASS">
          <reporter-output>
          </reporter-output>
        </test-method> <!-- handleAlertTest -->
        <test-method is-config="true" signature="extendReportFlush()[pri:0, instance:com.qa.emulator.test.HomePageTest@a3d8174]" started-at="2023-09-14T16:54:13 IST" name="extendReportFlush" finished-at="2023-09-14T16:54:14 IST" duration-ms="1147" status="PASS">
          <reporter-output>
          </reporter-output>
        </test-method> <!-- extendReportFlush -->
        <test-method is-config="true" signature="tearDown()[pri:0, instance:com.qa.emulator.test.HomePageTest@a3d8174]" started-at="2023-09-14T16:54:14 IST" name="tearDown" finished-at="2023-09-14T16:54:14 IST" duration-ms="4" status="PASS">
          <reporter-output>
          </reporter-output>
        </test-method> <!-- tearDown -->
      </class> <!-- com.qa.emulator.test.HomePageTest -->
    </test> <!-- Emulator Photo Gallery Test -->
  </suite> <!-- Emulator Photo Gallery Test Suite -->
</testng-results>
