<?xml version="1.0" encoding="UTF-8"?>
<testsuite xmlns:xsi="http://www.w3.org/2001/XMLSchema-instance" xsi:noNamespaceSchemaLocation="https://maven.apache.org/surefire/maven-surefire-plugin/xsd/surefire-test-report.xsd" name="TestSuite" time="41.354" tests="2" errors="0" skipped="0" failures="2">
  <properties>
[...]
</properties>
  <testcase name="handleAlertTest" classname="com.qa.emulator.test.HomePageTest" time="0.052">
    <failure type="java.lang.AssertionError">java.lang.AssertionError
	at com.qa.emulator.test.HomePageTest.handleAlertTest(HomePageTest.java:14)
</failure>
    <system-out><![CDATA[ INFO [main] (ReusableMethods.java:415)- Emulator is Opened and path is : C:\Users\manoj.mukannan\Mobile Testing Workspace\emulator/src/test/resources/Devices/Pixel_4.bat
ERROR [main] (BaseTest.java:80)- Appium driver is not conneted : org.openqa.selenium.SessionNotCreatedException: Could not start a new session. Response code 500. Message: An unknown server-side error occurred while processing the command. Original error: Could not find a connected Android device in 20000ms 
Host info: host: 'ATMECSINLT-1194', ip: '60.60.60.75'
Build info: version: '4.13.0', revision: 'ba948ece5b*'
System info: os.name: 'Windows 11', os.arch: 'amd64', os.version: '10.0', java.version: '19.0.2'
Driver info: io.appium.java_client.android.AndroidDriver
Command: [null, newSession {capabilities=[{appium:app=C:\\Users\\manoj.mukannan\\Mobile Testing Workspace\\emulator\\src\\test\\resources\\Build\\Android_UI_Design-1.0.apk, appium:automationName=UiAutomator2, appium:deviceName=Pixel 4, platformName=ANDROID, appium:udid=emulator-5554, appium:unlockKey=74869, appium:unlockType=pattern}], desiredCapabilities=Capabilities {app: C:\\Users\\manoj.mukannan\\..., automationName: UiAutomator2, deviceName: Pixel 4, platformName: ANDROID, udid: emulator-5554, unlockKey: 74869, unlockType: pattern}}]
Capabilities {app: C:\\Users\\manoj.mukannan\\..., automationName: UiAutomator2, deviceName: Pixel 4, platformName: ANDROID, udid: emulator-5554, unlockKey: 74869, unlockType: pattern}
ERROR [main] (HomePageActions.java:24)- Alert Handle Method is not performed : java.lang.NullPointerException: Cannot invoke "io.appium.java_client.android.AndroidDriver.findElement(org.openqa.selenium.By)" because "com.qa.emulator.utils.ReusableMethods.driver" is null
]]></system-out>
    <system-err><![CDATA[SLF4J: No SLF4J providers were found.
SLF4J: Defaulting to no-operation (NOP) logger implementation
SLF4J: See https://www.slf4j.org/codes.html#noProviders for further details.
log4j:WARN No such property [append] in org.apache.log4j.ConsoleAppender.
]]></system-err>
  </testcase>
  <testcase name="tearDown" classname="com.qa.emulator.test.HomePageTest" time="0.628">
    <failure message="Cannot invoke &quot;io.appium.java_client.android.AndroidDriver.quit()&quot; because &quot;com.qa.emulator.basetest.BaseTest.driver&quot; is null" type="java.lang.NullPointerException">java.lang.NullPointerException: Cannot invoke "io.appium.java_client.android.AndroidDriver.quit()" because "com.qa.emulator.basetest.BaseTest.driver" is null
</failure>
  </testcase>
</testsuite>