<?xml version="1.0" encoding="UTF-8"?>
<!-- Generated by org.testng.reporters.JUnitXMLReporter -->
<testsuite ignored="0" hostname="ATMECSINLT-1194" failures="1" tests="1" name="Emulator Test" time="23.721" errors="0" timestamp="2023-09-27T15:26:44 IST">
  <testcase classname="com.qa.emulator.test.HomePageTest" name="handleAlertTest" time="0.042">
    <failure type="java.lang.AssertionError">
      <![CDATA[java.lang.AssertionError
at com.qa.emulator.actions.HomePageActions.alertHandle(HomePageActions.java:25)
at com.qa.emulator.test.HomePageTest.handleAlertTest(HomePageTest.java:14)
at java.base/java.util.ArrayList.forEach(ArrayList.java:1511)
... Removed 30 stack frames]]>
    </failure>
  </testcase> <!-- handleAlertTest -->
</testsuite> <!-- Emulator Test -->
