<?xml version="1.0" encoding="UTF-8"?>
<!-- Generated by org.testng.reporters.JUnitXMLReporter -->
<testsuite ignored="0" hostname="ATMECSINLT-1194" failures="0" tests="2" name="Pixel_4 Emulator Test" time="16.581" errors="0" timestamp="2023-09-25T10:47:44 IST">
  <testcase classname="com.qa.emulator.basetest.BaseTest" name="@BeforeTest driverLaunch" time="16.459">
    <failure type="java.lang.AssertionError" message="null">
      <![CDATA[java.lang.AssertionError: null
at com.qa.emulator.basetest.BaseTest.driverLaunch(BaseTest.java:96)
at java.base/java.util.concurrent.FutureTask.run(FutureTask.java:317)
at java.base/java.util.concurrent.ThreadPoolExecutor.runWorker(ThreadPoolExecutor.java:1144)
at java.base/java.util.concurrent.ThreadPoolExecutor$Worker.run(ThreadPoolExecutor.java:642)
at java.base/java.lang.Thread.run(Thread.java:1589)
... Removed 14 stack frames]]>
    </failure>
  </testcase> <!-- @BeforeTest driverLaunch -->
  <testcase classname="com.qa.emulator.basetest.BaseTest" name="@AfterTest extendReportFlush" time="0.0">
    <skipped/>
  </testcase> <!-- @AfterTest extendReportFlush -->
  <testcase classname="com.qa.emulator.test.HomePageTest" name="handleAlertTest" time="0.0">
    <skipped/>
  </testcase> <!-- handleAlertTest -->
  <testcase classname="com.qa.emulator.test.TextSpeechTest" name="textSpeechTest" time="0.055"/>
</testsuite> <!-- Pixel_4 Emulator Test -->
