<?xml version="1.0" encoding="UTF-8"?>
<!-- Generated by org.testng.reporters.JUnitXMLReporter -->
<testsuite ignored="0" hostname="ATMECSINLT-1194" failures="0" tests="2" name="Pixel_5_API_33 Emulator Test" time="34.477" errors="0" timestamp="2023-09-26T12:39:07 IST">
  <testcase classname="com.qa.emulator.test.HomePageTest" name="handleAlertTest" time="0.0">
    <skipped/>
  </testcase> <!-- handleAlertTest -->
  <testcase classname="com.qa.emulator.test.TextSpeechTest" name="textSpeechTest" time="0.041"/>
</testsuite> <!-- Pixel_5_API_33 Emulator Test -->
